commit c43168143f59292a87694476273ccea29cb9bed4
Author: usanase1 <emelineu072@gmail.com>
Date:   Tue Apr 7 11:31:32 2026 +0200

    final prisma fix for railway

diff --git a/package.json b/package.json
index 47d6648..61c84ab 100644
--- a/package.json
+++ b/package.json
@@ -6,9 +6,9 @@
   "scripts": {
     "postinstall": "prisma generate",
     "dev": "nodemon --exec tsx src/server.ts",
-    "build": "npx prisma generate && tsoa spec-and-routes && tsc",
+    "build": "prisma generate && tsoa spec-and-routes && tsc",
     "tsoa": "tsoa spec-and-routes",
-    "start": "node dist/server.js",
+    "start": "prisma generate && node dist/server.js",
     "seed:super-admin": "tsx src/scripts/create-super-admin.ts"
   },
   "keywords": [],
@@ -45,4 +45,4 @@
   "devDependencies": {
     "nodemon": "^3.1.14"
   }
-}
+}
\ No newline at end of file

commit 7cbf3a3aaf4426063944d419b6527453b5a8024f
Author: usanase1 <emelineu072@gmail.com>
Date:   Tue Apr 7 03:27:51 2026 +0200

    Fix production types

diff --git a/package.json b/package.json
index d1a426c..47d6648 100644
--- a/package.json
+++ b/package.json
@@ -18,6 +18,13 @@
   "dependencies": {
     "@prisma/adapter-mariadb": "^7.6.0",
     "@prisma/client": "^7.6.0",
+    "@types/bcryptjs": "^2.4.6",
+    "@types/cors": "^2.8.19",
+    "@types/express": "^5.0.6",
+    "@types/jsonwebtoken": "^9.0.10",
+    "@types/node": "^25.5.2",
+    "@types/nodemailer": "^8.0.0",
+    "@types/swagger-ui-express": "^4.1.8",
     "bcryptjs": "^3.0.3",
     "class-transformer": "^0.5.1",
     "class-validator": "^0.15.1",
@@ -30,19 +37,12 @@
     "nodemailer": "^8.0.4",
     "prisma": "^7.6.0",
     "swagger-ui-express": "^5.0.1",
-    "tsoa": "^7.0.0-alpha.0"
-  },
-  "devDependencies": {
-    "@types/bcryptjs": "^2.4.6",
-    "@types/cors": "^2.8.19",
-    "@types/express": "^5.0.6",
-    "@types/jsonwebtoken": "^9.0.10",
-    "@types/node": "^25.5.2",
-    "@types/nodemailer": "^8.0.0",
-    "@types/swagger-ui-express": "^4.1.8",
-    "nodemon": "^3.1.14",
+    "tsoa": "^7.0.0-alpha.0",
     "ts-node": "^10.9.2",
     "tsx": "^4.21.0",
     "typescript": "^6.0.2"
+  },
+  "devDependencies": {
+    "nodemon": "^3.1.14"
   }
 }

commit 76c31655fc54ecc3fb168ef3edec61f269f0f77c
Author: usanase1 <emelineu072@gmail.com>
Date:   Tue Apr 7 03:13:10 2026 +0200

    Ready to deploy

diff --git a/package.json b/package.json
index 08f23c0..d1a426c 100644
--- a/package.json
+++ b/package.json
@@ -6,7 +6,7 @@
   "scripts": {
     "postinstall": "prisma generate",
     "dev": "nodemon --exec tsx src/server.ts",
-    "build": "tsoa spec-and-routes && tsc",
+    "build": "npx prisma generate && tsoa spec-and-routes && tsc",
     "tsoa": "tsoa spec-and-routes",
     "start": "node dist/server.js",
     "seed:super-admin": "tsx src/scripts/create-super-admin.ts"

commit 5c45b5723a10f15dfbd19d8b625466a1d21f7d1c
Author: usanase1 <emelineu072@gmail.com>
Date:   Tue Apr 7 03:00:57 2026 +0200

    Ready to deploy

diff --git a/package.json b/package.json
index 9a7381f..08f23c0 100644
--- a/package.json
+++ b/package.json
@@ -4,6 +4,7 @@
   "description": "",
   "main": "index.js",
   "scripts": {
+    "postinstall": "prisma generate",
     "dev": "nodemon --exec tsx src/server.ts",
     "build": "tsoa spec-and-routes && tsc",
     "tsoa": "tsoa spec-and-routes",

commit a1ebfff760e7a29f1f43074c497d517dd0c6709c
Author: usanase1 <emelineu072@gmail.com>
Date:   Tue Apr 7 02:22:27 2026 +0200

    RM

diff --git a/package.json b/package.json
index 608bc12..9a7381f 100644
--- a/package.json
+++ b/package.json
@@ -26,6 +26,7 @@
     "express-validator": "^7.3.2",
     "helmet": "^8.1.0",
     "jsonwebtoken": "^9.0.3",
+    "nodemailer": "^8.0.4",
     "prisma": "^7.6.0",
     "swagger-ui-express": "^5.0.1",
     "tsoa": "^7.0.0-alpha.0"
@@ -36,6 +37,7 @@
     "@types/express": "^5.0.6",
     "@types/jsonwebtoken": "^9.0.10",
     "@types/node": "^25.5.2",
+    "@types/nodemailer": "^8.0.0",
     "@types/swagger-ui-express": "^4.1.8",
     "nodemon": "^3.1.14",
     "ts-node": "^10.9.2",

commit e4de7c1f77ff2d3b7c48488c7a1dc50d39c6a6cd
Author: usanase1 <emelineu072@gmail.com>
Date:   Mon Apr 6 13:56:41 2026 +0200

    Rise Motive backend

diff --git a/package.json b/package.json
new file mode 100644
index 0000000..608bc12
--- /dev/null
+++ b/package.json
@@ -0,0 +1,45 @@
+{
+  "name": "rise-motive-be",
+  "version": "1.0.0",
+  "description": "",
+  "main": "index.js",
+  "scripts": {
+    "dev": "nodemon --exec tsx src/server.ts",
+    "build": "tsoa spec-and-routes && tsc",
+    "tsoa": "tsoa spec-and-routes",
+    "start": "node dist/server.js",
+    "seed:super-admin": "tsx src/scripts/create-super-admin.ts"
+  },
+  "keywords": [],
+  "author": "",
+  "license": "ISC",
+  "type": "commonjs",
+  "dependencies": {
+    "@prisma/adapter-mariadb": "^7.6.0",
+    "@prisma/client": "^7.6.0",
+    "bcryptjs": "^3.0.3",
+    "class-transformer": "^0.5.1",
+    "class-validator": "^0.15.1",
+    "cors": "^2.8.6",
+    "dotenv": "^17.4.0",
+    "express": "^5.2.1",
+    "express-validator": "^7.3.2",
+    "helmet": "^8.1.0",
+    "jsonwebtoken": "^9.0.3",
+    "prisma": "^7.6.0",
+    "swagger-ui-express": "^5.0.1",
+    "tsoa": "^7.0.0-alpha.0"
+  },
+  "devDependencies": {
+    "@types/bcryptjs": "^2.4.6",
+    "@types/cors": "^2.8.19",
+    "@types/express": "^5.0.6",
+    "@types/jsonwebtoken": "^9.0.10",
+    "@types/node": "^25.5.2",
+    "@types/swagger-ui-express": "^4.1.8",
+    "nodemon": "^3.1.14",
+    "ts-node": "^10.9.2",
+    "tsx": "^4.21.0",
+    "typescript": "^6.0.2"
+  }
+}
